{
  "RSpec": {
    "coverage": {
      "/home/mai/project/online_exam/config/environment.rb": [
        null,
        1,
        null,
        null,
        1
      ],
      "/home/mai/project/online_exam/config/application.rb": [
        1,
        null,
        1,
        null,
        null,
        null,
        1,
        null,
        1,
        1,
        null,
        1,
        null,
        null,
        null,
        null,
        null,
        null,
        1,
        null,
        1,
        1,
        null,
        null
      ],
      "/home/mai/project/online_exam/config/boot.rb": [
        1,
        null,
        1,
        1
      ],
      "/home/mai/project/online_exam/config/initializers/config.rb": [
        1,
        null,
        0,
        null,
        null,
        null,
        null,
        null,
        null,
        null,
        null,
        null,
        null,
        null,
        null,
        null,
        null,
        null,
        null,
        null,
        null,
        null,
        null,
        null,
        null,
        null,
        null,
        null,
        null,
        null,
        null,
        null,
        null,
        null,
        null,
        null,
        null,
        null,
        null,
        null,
        null,
        null,
        null,
        null,
        null,
        null,
        null,
        null,
        null,
        null
      ],
      "/home/mai/project/online_exam/config/environments/test.rb": [
        1,
        null,
        null,
        null,
        null,
        null,
        null,
        1,
        null,
        null,
        null,
        null,
        1,
        null,
        null,
        1,
        1,
        null,
        null,
        null,
        null,
        1,
        1,
        null,
        null,
        1,
        null,
        null,
        1,
        null,
        null,
        1,
        null,
        1,
        null,
        null,
        null,
        null,
        1,
        null,
        null,
        1,
        1,
        null,
        null,
        null,
        null,
        null,
        null,
        null,
        1,
        null
      ],
      "/home/mai/project/online_exam/config/initializers/application_controller_renderer.rb": [
        null,
        null,
        null,
        null,
        null,
        null,
        null,
        null
      ],
      "/home/mai/project/online_exam/config/initializers/assets.rb": [
        null,
        null,
        null,
        1,
        null,
        null,
        null,
        null,
        1,
        null,
        null,
        null,
        null,
        null,
        1
      ],
      "/home/mai/project/online_exam/config/initializers/backtrace_silencers.rb": [
        null,
        null,
        null,
        null,
        null,
        null,
        null
      ],
      "/home/mai/project/online_exam/config/initializers/content_security_policy.rb": [
        null,
        null,
        null,
        null,
        null,
        null,
        null,
        null,
        null,
        null,
        null,
        null,
        null,
        null,
        null,
        null,
        null,
        null,
        null,
        null,
        null,
        null,
        null,
        null,
        null
      ],
      "/home/mai/project/online_exam/config/initializers/cookies_serializer.rb": [
        null,
        null,
        null,
        null,
        1
      ],
      "/home/mai/project/online_exam/config/initializers/filter_parameter_logging.rb": [
        null,
        null,
        null,
        1
      ],
      "/home/mai/project/online_exam/config/initializers/inflections.rb": [
        null,
        null,
        null,
        null,
        null,
        null,
        null,
        null,
        null,
        null,
        null,
        null,
        null,
        null,
        null,
        null
      ],
      "/home/mai/project/online_exam/config/initializers/mime_types.rb": [
        null,
        null,
        null,
        null
      ],
      "/home/mai/project/online_exam/config/initializers/wrap_parameters.rb": [
        null,
        null,
        null,
        null,
        null,
        null,
        1,
        2,
        null,
        null,
        null,
        null,
        null,
        null
      ],
      "/home/mai/project/online_exam/spec/factories/answers.rb": [
        1,
        1,
        2,
        3,
        1,
        null,
        1,
        1,
        null,
        null,
        null
      ],
      "/home/mai/project/online_exam/spec/factories/questions.rb": [
        1,
        1,
        24,
        1,
        null,
        null
      ],
      "/home/mai/project/online_exam/spec/factories/result_answers.rb": [
        1,
        1,
        1,
        1,
        null,
        null
      ],
      "/home/mai/project/online_exam/spec/factories/results.rb": [
        1,
        1,
        11,
        1,
        1,
        null,
        null
      ],
      "/home/mai/project/online_exam/spec/factories/tests.rb": [
        1,
        1,
        73,
        80,
        80,
        null,
        1,
        1,
        null,
        null,
        null
      ],
      "/home/mai/project/online_exam/spec/factories/users.rb": [
        1,
        1,
        176,
        176,
        177,
        177,
        165,
        null,
        1,
        13,
        null,
        1,
        58,
        null,
        null,
        null
      ],
      "/home/mai/project/online_exam/config/routes.rb": [
        1,
        1,
        1,
        1,
        1,
        1,
        1,
        1,
        1,
        1,
        1,
        1,
        null,
        null
      ],
      "/home/mai/project/online_exam/app/helpers/application_helper.rb": [
        1,
        1,
        0,
        0,
        0,
        null,
        0,
        null,
        null,
        null
      ],
      "/home/mai/project/online_exam/app/helpers/sessions_helper.rb": [
        1,
        1,
        3,
        null,
        null,
        1,
        249,
        207,
        42,
        0,
        0,
        0,
        0,
        null,
        null,
        null,
        null,
        1,
        2,
        2,
        null,
        null,
        1,
        139,
        null,
        null
      ],
      "/home/mai/project/online_exam/app/helpers/tests_helper.rb": [
        1,
        1,
        0,
        null,
        null
      ],
      "/home/mai/project/online_exam/app/controllers/account_activations_controller.rb": [
        1,
        1,
        8,
        8,
        2,
        null,
        6,
        6,
        null,
        null,
        null,
        1,
        null,
        1,
        2,
        2,
        2,
        2,
        2,
        null,
        null
      ],
      "/home/mai/project/online_exam/app/controllers/application_controller.rb": [
        1,
        1,
        null,
        1,
        64,
        null,
        28,
        28,
        null,
        null,
        1,
        129,
        null,
        36,
        36,
        null,
        null,
        1,
        null
      ],
      "/home/mai/project/online_exam/spec/controllers/password_resets_spec.rb": [
        1,
        null,
        1,
        1,
        1,
        2,
        null,
        2,
        null,
        null,
        null,
        1,
        5,
        null,
        1,
        5,
        null,
        2,
        2,
        2,
        2,
        null,
        null,
        1,
        3,
        null,
        2,
        2,
        null,
        null,
        null,
        1,
        1,
        2,
        1,
        1,
        null,
        null,
        null,
        2,
        null,
        2,
        null,
        null,
        1,
        1,
        2,
        null,
        3,
        null,
        2,
        2,
        null,
        null,
        null,
        1,
        1,
        4,
        1,
        3,
        null,
        null,
        null,
        null,
        null,
        null,
        2,
        2,
        2,
        null,
        null,
        1,
        1,
        3,
        1,
        2,
        null,
        null,
        null,
        null,
        null,
        null,
        2,
        2,
        null,
        null,
        1,
        3,
        1,
        2,
        null,
        null,
        null,
        null,
        null,
        null,
        2,
        2,
        null,
        null,
        null,
        null
      ],
      "/home/mai/project/online_exam/app/controllers/password_resets_controller.rb": [
        1,
        1,
        1,
        null,
        1,
        null,
        null,
        1,
        6,
        6,
        4,
        4,
        4,
        4,
        null,
        2,
        2,
        null,
        null,
        null,
        1,
        3,
        1,
        null,
        2,
        2,
        null,
        null,
        null,
        1,
        5,
        3,
        3,
        3,
        null,
        2,
        2,
        null,
        null,
        null,
        1,
        null,
        1,
        10,
        null,
        null,
        1,
        10,
        null,
        2,
        2,
        null,
        null,
        1,
        4,
        null,
        null,
        1,
        5,
        null,
        null
      ],
      "/home/mai/project/online_exam/spec/controllers/questions_spec.rb": [
        1,
        null,
        1,
        7,
        12,
        18,
        null,
        1,
        1,
        1,
        1,
        1,
        1,
        null,
        null,
        2,
        null,
        null,
        1,
        1,
        2,
        2,
        null,
        null,
        2,
        2,
        null,
        null,
        null,
        1,
        1,
        2,
        2,
        null,
        null,
        2,
        2,
        null,
        null,
        1,
        3,
        null,
        2,
        2,
        null,
        null,
        null,
        1,
        5,
        null,
        1,
        1,
        1,
        2,
        2,
        null,
        null,
        2,
        2,
        null,
        null,
        1,
        1,
        2,
        2,
        null,
        null,
        2,
        2,
        null,
        null,
        null,
        1,
        1,
        2,
        2,
        null,
        null,
        2,
        2,
        null,
        null,
        1,
        3,
        null,
        2,
        2,
        null,
        null,
        null,
        1,
        1,
        1,
        1,
        2,
        2,
        null,
        null,
        2,
        2,
        null,
        null,
        1,
        1,
        2,
        2,
        null,
        null,
        2,
        2,
        null,
        null,
        null,
        1,
        1,
        2,
        2,
        null,
        null,
        2,
        2,
        null,
        null,
        1,
        3,
        null,
        2,
        2,
        null,
        null,
        null
      ],
      "/home/mai/project/online_exam/app/controllers/questions_controller.rb": [
        1,
        1,
        1,
        null,
        1,
        null,
        null,
        1,
        2,
        2,
        2,
        null,
        0,
        0,
        null,
        null,
        null,
        1,
        2,
        2,
        2,
        null,
        null,
        1,
        null,
        1,
        11,
        11,
        null,
        6,
        6,
        null,
        null,
        1,
        2,
        null,
        null,
        null
      ],
      "/home/mai/project/online_exam/spec/controllers/results_spec.rb": [
        1,
        null,
        1,
        10,
        4,
        15,
        4,
        null,
        1,
        1,
        1,
        1,
        1,
        1,
        null,
        null,
        2,
        null,
        null,
        1,
        1,
        2,
        2,
        null,
        null,
        2,
        2,
        null,
        null,
        null,
        1,
        3,
        null,
        2,
        2,
        null,
        null,
        null,
        1,
        7,
        null,
        1,
        1,
        1,
        2,
        2,
        null,
        null,
        2,
        1,
        1,
        null,
        null,
        null,
        1,
        1,
        2,
        2,
        null,
        null,
        2,
        2,
        null,
        null,
        null,
        1,
        3,
        null,
        2,
        2,
        null,
        null,
        null,
        1,
        1,
        1,
        1,
        1,
        1,
        null,
        null,
        2,
        null,
        null,
        1,
        1,
        2,
        2,
        null,
        null,
        2,
        2,
        null,
        null,
        null,
        1,
        1,
        2,
        2,
        null,
        null,
        2,
        2,
        null,
        null,
        1,
        1,
        2,
        null,
        null,
        2,
        2,
        null,
        null,
        null
      ],
      "/home/mai/project/online_exam/app/controllers/results_controller.rb": [
        1,
        1,
        1,
        1,
        1,
        1,
        null,
        1,
        1,
        1,
        null,
        null,
        1,
        2,
        0,
        0,
        null,
        0,
        null,
        2,
        2,
        null,
        null,
        1,
        1,
        1,
        null,
        null,
        1,
        null,
        1,
        3,
        3,
        null,
        2,
        2,
        null,
        null,
        1,
        9,
        9,
        null,
        4,
        4,
        null,
        null,
        1,
        2,
        null,
        null,
        1,
        0,
        null,
        null,
        1,
        0,
        0,
        0,
        null,
        0,
        null,
        null,
        1,
        2,
        null,
        null
      ],
      "/home/mai/project/online_exam/spec/controllers/session_spec.rb": [
        1,
        null,
        1,
        1,
        1,
        2,
        null,
        2,
        null,
        null,
        null,
        1,
        1,
        2,
        1,
        1,
        null,
        null,
        null,
        2,
        null,
        null,
        1,
        3,
        1,
        2,
        null,
        null,
        null,
        2,
        2,
        null,
        null,
        1,
        1,
        1,
        2,
        null,
        null,
        null,
        2,
        2,
        null,
        null,
        1,
        3,
        1,
        2,
        null,
        null,
        null,
        2,
        2,
        null,
        null,
        null,
        null,
        1,
        3,
        1,
        2,
        2,
        null,
        null,
        2,
        2,
        null,
        null
      ],
      "/home/mai/project/online_exam/app/controllers/sessions_controller.rb": [
        1,
        1,
        null,
        null,
        1,
        7,
        7,
        3,
        null,
        4,
        4,
        null,
        null,
        null,
        1,
        2,
        2,
        null,
        null,
        1,
        null,
        1,
        3,
        1,
        null,
        2,
        2,
        2,
        null,
        3,
        null,
        null
      ],
      "/home/mai/project/online_exam/spec/controllers/tests_spec.rb": [
        1,
        null,
        1,
        12,
        24,
        26,
        null,
        1,
        1,
        1,
        1,
        1,
        null,
        null,
        2,
        null,
        null,
        1,
        2,
        null,
        2,
        null,
        null,
        null,
        1,
        1,
        1,
        1,
        1,
        1,
        null,
        null,
        2,
        null,
        null,
        1,
        1,
        2,
        2,
        null,
        null,
        2,
        2,
        null,
        null,
        null,
        1,
        1,
        1,
        1,
        null,
        null,
        2,
        null,
        null,
        1,
        3,
        null,
        2,
        2,
        null,
        null,
        null,
        1,
        1,
        1,
        1,
        1,
        null,
        null,
        2,
        null,
        null,
        1,
        1,
        2,
        2,
        null,
        null,
        2,
        2,
        null,
        null,
        1,
        3,
        null,
        2,
        2,
        null,
        null,
        null,
        1,
        7,
        1,
        1,
        1,
        2,
        2,
        null,
        null,
        2,
        2,
        null,
        null,
        1,
        4,
        1,
        3,
        3,
        null,
        null,
        2,
        1,
        1,
        null,
        null,
        1,
        1,
        null,
        null,
        null,
        null,
        null,
        1,
        1,
        2,
        2,
        null,
        null,
        2,
        2,
        null,
        null,
        1,
        3,
        null,
        2,
        2,
        null,
        null,
        null,
        1,
        1,
        1,
        1,
        2,
        2,
        null,
        null,
        2,
        1,
        1,
        null,
        null,
        null,
        null,
        1,
        1,
        2,
        2,
        null,
        null,
        2,
        2,
        null,
        null,
        null,
        1,
        1,
        2,
        2,
        null,
        null,
        2,
        2,
        null,
        null,
        1,
        3,
        null,
        2,
        2,
        null,
        null,
        null,
        1,
        7,
        null,
        1,
        1,
        1,
        2,
        2,
        null,
        null,
        2,
        2,
        null,
        null,
        1,
        4,
        1,
        3,
        3,
        null,
        null,
        2,
        1,
        1,
        null,
        null,
        1,
        1,
        null,
        null,
        null,
        null,
        null,
        1,
        1,
        2,
        2,
        null,
        null,
        2,
        2,
        null,
        null,
        1,
        3,
        null,
        2,
        2,
        null,
        null,
        null,
        1,
        1,
        1,
        1,
        2,
        2,
        null,
        null,
        2,
        2,
        null,
        null,
        1,
        1,
        2,
        2,
        null,
        null,
        2,
        2,
        null,
        null,
        null,
        1,
        1,
        2,
        2,
        null,
        null,
        2,
        2,
        null,
        null,
        1,
        3,
        null,
        2,
        2,
        null,
        null,
        null
      ],
      "/home/mai/project/online_exam/app/controllers/tests_controller.rb": [
        1,
        1,
        1,
        1,
        null,
        1,
        2,
        null,
        2,
        null,
        null,
        1,
        2,
        2,
        null,
        null,
        1,
        1,
        null,
        null,
        1,
        5,
        5,
        2,
        2,
        null,
        3,
        null,
        null,
        null,
        1,
        null,
        null,
        1,
        5,
        2,
        2,
        null,
        3,
        null,
        null,
        null,
        1,
        2,
        2,
        2,
        null,
        null,
        1,
        null,
        1,
        23,
        23,
        null,
        6,
        6,
        null,
        null,
        1,
        10,
        null,
        null,
        null,
        null,
        10,
        null,
        null
      ],
      "/home/mai/project/online_exam/spec/controllers/users_spec.rb": [
        1,
        null,
        1,
        19,
        21,
        23,
        null,
        1,
        1,
        1,
        1,
        1,
        null,
        null,
        2,
        null,
        null,
        1,
        1,
        2,
        2,
        null,
        null,
        2,
        2,
        null,
        null,
        1,
        3,
        null,
        2,
        2,
        null,
        null,
        null,
        1,
        1,
        1,
        1,
        1,
        1,
        null,
        null,
        2,
        null,
        null,
        1,
        1,
        2,
        2,
        null,
        null,
        2,
        2,
        null,
        null,
        null,
        1,
        1,
        2,
        2,
        null,
        null,
        2,
        1,
        1,
        null,
        null,
        null,
        null,
        1,
        3,
        null,
        2,
        2,
        null,
        null,
        null,
        1,
        1,
        1,
        1,
        1,
        null,
        null,
        2,
        null,
        null,
        1,
        1,
        2,
        2,
        null,
        null,
        2,
        2,
        null,
        null,
        1,
        2,
        null,
        2,
        null,
        null,
        null,
        1,
        1,
        3,
        1,
        2,
        2,
        null,
        null,
        2,
        2,
        null,
        null,
        1,
        3,
        1,
        2,
        2,
        null,
        null,
        2,
        2,
        null,
        null,
        1,
        3,
        3,
        null,
        2,
        2,
        null,
        null,
        null,
        1,
        1,
        1,
        1,
        1,
        1,
        null,
        null,
        2,
        null,
        null,
        1,
        1,
        2,
        2,
        null,
        null,
        2,
        2,
        null,
        null,
        null,
        1,
        1,
        2,
        2,
        null,
        null,
        2,
        2,
        null,
        null,
        1,
        3,
        null,
        2,
        2,
        null,
        null,
        null,
        1,
        1,
        1,
        3,
        1,
        2,
        2,
        null,
        null,
        2,
        2,
        null,
        null,
        1,
        3,
        1,
        2,
        2,
        null,
        null,
        2,
        2,
        null,
        null,
        null,
        1,
        1,
        3,
        1,
        2,
        2,
        null,
        null,
        2,
        2,
        null,
        null,
        1,
        3,
        1,
        2,
        2,
        null,
        null,
        2,
        2,
        null,
        null,
        null,
        1,
        3,
        3,
        null,
        2,
        2,
        null,
        null,
        null,
        1,
        1,
        1,
        1,
        2,
        2,
        null,
        null,
        2,
        2,
        null,
        null,
        1,
        1,
        2,
        2,
        null,
        null,
        2,
        2,
        null,
        null,
        null,
        1,
        1,
        2,
        2,
        null,
        null,
        2,
        2,
        null,
        null,
        1,
        3,
        null,
        2,
        2,
        null,
        null,
        null,
        1,
        1,
        1,
        2,
        2,
        null,
        null,
        2,
        1,
        1,
        null,
        null,
        null,
        null,
        1,
        1,
        2,
        2,
        null,
        null,
        2,
        1,
        1,
        null,
        null,
        null,
        null,
        1,
        3,
        null,
        2,
        2,
        null,
        null,
        null
      ],
      "/home/mai/project/online_exam/app/controllers/users_controller.rb": [
        1,
        1,
        1,
        1,
        null,
        1,
        null,
        1,
        1,
        null,
        null,
        1,
        3,
        null,
        null,
        1,
        2,
        null,
        null,
        1,
        4,
        4,
        4,
        null,
        0,
        null,
        null,
        null,
        1,
        null,
        null,
        1,
        6,
        6,
        6,
        2,
        null,
        4,
        null,
        null,
        0,
        null,
        null,
        null,
        1,
        2,
        2,
        2,
        null,
        null,
        1,
        4,
        4,
        null,
        null,
        1,
        null,
        1,
        10,
        10,
        null,
        null,
        1,
        20,
        20,
        20,
        null,
        8,
        8,
        null,
        null,
        1,
        4,
        2,
        null,
        2,
        null,
        null,
        null,
        1,
        2,
        2,
        2,
        null,
        0,
        null,
        2,
        null,
        null,
        1,
        2,
        2,
        2,
        null,
        0,
        null,
        2,
        null,
        null
      ],
      "/home/mai/project/online_exam/spec/models/answers_spec.rb": [
        1,
        null,
        1,
        2,
        2,
        null,
        1,
        2,
        2,
        null,
        2,
        null,
        null
      ],
      "/home/mai/project/online_exam/app/models/answer.rb": [
        1,
        1,
        null,
        1,
        null,
        1,
        1,
        null,
        1,
        1,
        null
      ],
      "/home/mai/project/online_exam/app/models/application_record.rb": [
        1,
        1,
        null
      ],
      "/home/mai/project/online_exam/app/models/concerns/module_trim_space_content.rb": [
        1,
        1,
        null,
        1,
        2,
        null,
        null,
        1,
        null,
        1,
        24,
        null,
        null
      ],
      "/home/mai/project/online_exam/spec/models/questions_spec.rb": [
        1,
        null,
        1,
        2,
        2,
        null,
        2,
        2,
        2,
        null,
        1,
        1,
        1,
        null,
        null,
        null,
        null,
        1,
        2,
        2,
        null,
        2,
        null,
        null
      ],
      "/home/mai/project/online_exam/app/models/question.rb": [
        1,
        1,
        null,
        1,
        null,
        1,
        1,
        null,
        1,
        null,
        1,
        1,
        null
      ],
      "/home/mai/project/online_exam/spec/models/result_answers_spec.rb": [
        1,
        null,
        1,
        2,
        2,
        null,
        2,
        2,
        null,
        2,
        2,
        null,
        1,
        1,
        1,
        null,
        null,
        null,
        null
      ],
      "/home/mai/project/online_exam/app/models/result_answer.rb": [
        1,
        2,
        null,
        1,
        1,
        null,
        1,
        1,
        null
      ],
      "/home/mai/project/online_exam/spec/models/results_spec.rb": [
        1,
        null,
        1,
        2,
        2,
        1,
        1,
        null,
        null,
        null,
        2,
        2,
        null
      ],
      "/home/mai/project/online_exam/app/models/result.rb": [
        1,
        1,
        null,
        1,
        1,
        1,
        null,
        1,
        1,
        null
      ],
      "/home/mai/project/online_exam/spec/models/tests_spec.rb": [
        1,
        null,
        1,
        2,
        2,
        null,
        2,
        1,
        1,
        null,
        null,
        null,
        2,
        2,
        2,
        1,
        1,
        null,
        null,
        null,
        1,
        1,
        1,
        null,
        null,
        null,
        null,
        1,
        2,
        2,
        null,
        2,
        null,
        null
      ],
      "/home/mai/project/online_exam/app/models/test.rb": [
        1,
        1,
        null,
        1,
        1,
        null,
        1,
        null,
        1,
        null,
        1,
        1,
        null,
        1,
        null,
        null,
        1,
        1,
        1,
        null
      ],
      "/home/mai/project/online_exam/app/models/concerns/module_trim_space_name.rb": [
        1,
        1,
        null,
        1,
        2,
        null,
        null,
        1,
        null,
        1,
        255,
        null,
        null
      ],
      "/home/mai/project/online_exam/spec/models/users_spec.rb": [
        1,
        null,
        1,
        2,
        1,
        1,
        null,
        null,
        2,
        2,
        2,
        2,
        2,
        null,
        2,
        null,
        2,
        null,
        1,
        2,
        2,
        null,
        2,
        null,
        null,
        1,
        2,
        2,
        null,
        2,
        null,
        null,
        1,
        2,
        2,
        null,
        1,
        1,
        1,
        null,
        null,
        null,
        1,
        2,
        2,
        null,
        1,
        1,
        1,
        1,
        null,
        null,
        null,
        1,
        1,
        2,
        null,
        2,
        null,
        null,
        1,
        2,
        null,
        2,
        null,
        null,
        null,
        1,
        2,
        null,
        null,
        1,
        2,
        null,
        null
      ],
      "/home/mai/project/online_exam/app/models/user.rb": [
        1,
        1,
        null,
        1,
        null,
        1,
        1,
        1,
        null,
        1,
        1,
        1,
        null,
        1,
        null,
        1,
        null,
        1,
        1,
        null,
        null,
        1,
        null,
        null,
        1,
        5,
        5,
        5,
        null,
        null,
        1,
        7,
        7,
        null,
        5,
        null,
        null,
        1,
        12,
        null,
        null,
        1,
        1,
        171,
        171,
        null,
        0,
        null,
        171,
        null,
        null,
        1,
        171,
        null,
        null,
        null,
        1,
        null,
        1,
        190,
        null,
        null,
        1,
        164,
        164,
        null,
        null
      ],
      "/home/mai/project/online_exam/app/mailers/user_mailer.rb": [
        1,
        null,
        null,
        null,
        null,
        null,
        1,
        2,
        2,
        null,
        null,
        1,
        4,
        4,
        null,
        null
      ],
      "/home/mai/project/online_exam/app/mailers/application_mailer.rb": [
        1,
        1,
        1,
        null
      ]
    },
    "timestamp": 1565852468
  }
}
